{"name":"cookbook","hostname":"frank-cruz","pid":81928,"level":30,"msg":"Error in post: ValidationError: Preparation steps cannot be empty, Ingredients amount and name cannot be empty, Chef Name cannot be empty, Recipe Name cannot be empty","time":"2017-02-01T22:51:18.475Z","v":0}
{"name":"cookbook","hostname":"frank-cruz","pid":81928,"level":30,"msg":"Error in post: ValidationError: Display Name cannot be null or empty","time":"2017-02-02T14:45:53.506Z","v":0}
{"name":"cookbook","hostname":"frank-cruz","pid":81928,"level":30,"msg":"Error in post: ValidationError: Display Name cannot be null or empty","time":"2017-02-02T14:45:53.506Z","v":0}
{"name":"cookbook","hostname":"frank-cruz","pid":81928,"level":30,"msg":"Error in post: ValidationError: Display Name cannot be null or empty","time":"2017-02-02T14:58:51.506Z","v":0}
{"name":"cookbook","hostname":"frank-cruz","pid":81928,"level":30,"msg":"Error in post: ValidationError: Display Name cannot be null or empty","time":"2017-02-02T14:58:51.507Z","v":0}
{"name":"cookbook","hostname":"frank-cruz","pid":81928,"level":30,"msg":"Error in post: ValidationError: Display Name cannot be null or empty","time":"2017-02-02T14:58:52.975Z","v":0}
{"name":"cookbook","hostname":"frank-cruz","pid":81928,"level":30,"msg":"Error in post: ValidationError: Display Name cannot be null or empty","time":"2017-02-02T14:58:52.975Z","v":0}
{"name":"cookbook","hostname":"frank-cruz","pid":81928,"level":30,"msg":"Error in post: ValidationError: Preparation steps cannot be empty, Ingredients amount and name cannot be empty, Chef Name cannot be empty, Recipe Name cannot be empty","time":"2017-02-02T14:59:00.678Z","v":0}
{"name":"cookbook","hostname":"frank-cruz","pid":81928,"level":30,"msg":"Error in post: ValidationError: Preparation steps cannot be empty, Ingredients amount and name cannot be empty, Chef Name cannot be empty","time":"2017-02-02T14:59:05.819Z","v":0}
{"name":"cookbook","hostname":"frank-cruz","pid":81928,"level":30,"msg":"Error in post: ValidationError: Preparation steps cannot be empty, Ingredients amount and name cannot be empty, Chef Name cannot be empty","time":"2017-02-02T15:00:39.959Z","v":0}
{"name":"cookbook","hostname":"frank-cruz","pid":81928,"level":30,"msg":"Error in post: ValidationError: Preparation steps cannot be empty, Ingredients amount and name cannot be empty","time":"2017-02-02T15:00:44.210Z","v":0}
{"name":"cookbook","hostname":"frank-cruz","pid":81928,"level":30,"msg":"Error in post: ValidationError: Preparation steps cannot be empty, Ingredients amount and name cannot be empty","time":"2017-02-02T15:00:44.562Z","v":0}
{"name":"cookbook","hostname":"frank-cruz","pid":81928,"level":30,"msg":"Error in post: ValidationError: Preparation steps cannot be empty, Ingredients amount and name cannot be empty","time":"2017-02-02T15:00:44.746Z","v":0}
{"name":"cookbook","hostname":"frank-cruz","pid":81928,"level":30,"msg":"Error in post: ValidationError: Preparation steps cannot be empty, Ingredients amount and name cannot be empty","time":"2017-02-02T15:00:46.862Z","v":0}
{"name":"cookbook","hostname":"frank-cruz","pid":99592,"level":30,"msg":"Error in post: ValidationError: Preparation steps cannot be empty, Chef Name cannot be empty, Recipe Name cannot be empty","time":"2017-02-02T17:29:49.163Z","v":0}
{"name":"cookbook","hostname":"frank-cruz","pid":99592,"level":30,"msg":"Error in post: ValidationError: Preparation steps cannot be empty","time":"2017-02-02T17:30:15.616Z","v":0}
{"name":"cookbook","hostname":"frank-cruz","pid":99592,"level":30,"msg":"Error in post: ValidationError: Preparation steps cannot be empty","time":"2017-02-02T17:30:17.485Z","v":0}
{"name":"cookbook","hostname":"frank-cruz","pid":99592,"level":30,"msg":"Error in post: ValidationError: Preparation steps cannot be empty","time":"2017-02-02T17:30:20.388Z","v":0}
{"name":"cookbook","hostname":"frank-cruz","pid":99592,"level":30,"msg":"Error in post: ValidationError: Display Name cannot be null or empty","time":"2017-02-02T17:32:32.354Z","v":0}
{"name":"cookbook","hostname":"frank-cruz","pid":99592,"level":30,"msg":"Error in post: ValidationError: Display Name cannot be null or empty","time":"2017-02-02T17:32:32.354Z","v":0}
{"name":"cookbook","hostname":"frank-cruz","pid":99592,"level":30,"msg":"Error in post: ValidationError: Display Name cannot be null or empty","time":"2017-02-02T17:32:57.886Z","v":0}
{"name":"cookbook","hostname":"frank-cruz","pid":99592,"level":30,"msg":"Error in post: ValidationError: Display Name cannot be null or empty","time":"2017-02-02T17:32:57.886Z","v":0}
{"name":"cookbook","hostname":"frank-cruz","pid":99592,"level":30,"msg":"Error in post: ValidationError: Display Name cannot be null or empty","time":"2017-02-02T17:37:38.757Z","v":0}
{"name":"cookbook","hostname":"frank-cruz","pid":99592,"level":30,"msg":"Error in post: ValidationError: Display Name cannot be null or empty","time":"2017-02-02T17:37:38.757Z","v":0}
